2022-02-05 18:54:35,422 INFO org.springframework.boot.StartupInfoLogger [restartedMain] Starting LoggingTestApplication using Java 17 on HP-LORENZO with PID 18280 (C:\projects\DevelHope\java-examples\38-Logging\target\classes started by loren in C:\projects\DevelHope\java-examples\38-Logging)
2022-02-05 18:54:35,424 DEBUG org.springframework.boot.StartupInfoLogger [restartedMain] Running with Spring Boot v2.6.3, Spring v5.3.15
2022-02-05 18:54:35,425 INFO org.springframework.boot.SpringApplication [restartedMain] No active profile set, falling back to default profiles: default
2022-02-05 18:54:35,512 INFO org.springframework.boot.logging.DeferredLog [restartedMain] Devtools property defaults active! Set 'spring.devtools.add-properties' to 'false' to disable
2022-02-05 18:54:35,512 INFO org.springframework.boot.logging.DeferredLog [restartedMain] For additional web related logging consider setting the 'logging.level.web' property to 'DEBUG'
2022-02-05 18:54:37,303 INFO org.springframework.boot.web.embedded.tomcat.TomcatWebServer [restartedMain] Tomcat initialized with port(s): 8080 (http)
2022-02-05 18:54:37,331 INFO org.apache.juli.logging.DirectJDKLog [restartedMain] Initializing ProtocolHandler ["http-nio-8080"]
2022-02-05 18:54:37,331 INFO org.apache.juli.logging.DirectJDKLog [restartedMain] Starting service [Tomcat]
2022-02-05 18:54:37,332 INFO org.apache.juli.logging.DirectJDKLog [restartedMain] Starting Servlet engine: [Apache Tomcat/9.0.56]
2022-02-05 18:54:37,425 INFO org.apache.juli.logging.DirectJDKLog [restartedMain] Initializing Spring embedded WebApplicationContext
2022-02-05 18:54:37,426 INFO org.springframework.boot.web.servlet.context.ServletWebServerApplicationContext [restartedMain] Root WebApplicationContext: initialization completed in 1912 ms
2022-02-05 18:54:38,257 INFO org.springframework.boot.devtools.autoconfigure.OptionalLiveReloadServer [restartedMain] LiveReload server is running on port 35729
2022-02-05 18:54:38,277 INFO org.apache.juli.logging.DirectJDKLog [restartedMain] Starting ProtocolHandler ["http-nio-8080"]
2022-02-05 18:54:38,394 INFO org.springframework.boot.web.embedded.tomcat.TomcatWebServer [restartedMain] Tomcat started on port(s): 8080 (http) with context path ''
2022-02-05 18:54:38,424 INFO org.springframework.boot.StartupInfoLogger [restartedMain] Started LoggingTestApplication in 3.8 seconds (JVM running for 4.57)
2022-02-05 18:55:16,658 INFO org.apache.juli.logging.DirectJDKLog [http-nio-8080-exec-1] Initializing Spring DispatcherServlet 'dispatcherServlet'
2022-02-05 18:55:16,659 INFO org.springframework.web.servlet.FrameworkServlet [http-nio-8080-exec-1] Initializing Servlet 'dispatcherServlet'
2022-02-05 18:55:16,660 INFO org.springframework.web.servlet.FrameworkServlet [http-nio-8080-exec-1] Completed initialization in 1 ms
2022-02-05 18:55:16,690 INFO co.develhope.loggingTest.services.GreetingsService [http-nio-8080-exec-1] Starting Greeting
2022-02-05 18:55:16,691 INFO co.develhope.loggingTest.services.GreetingsService [http-nio-8080-exec-1] Ending Greeting
2022-02-05 18:55:17,784 INFO co.develhope.loggingTest.services.GreetingsService [http-nio-8080-exec-2] Starting Greeting
2022-02-05 18:55:17,785 INFO co.develhope.loggingTest.services.GreetingsService [http-nio-8080-exec-2] Ending Greeting
2022-02-05 18:55:18,488 INFO co.develhope.loggingTest.services.GreetingsService [http-nio-8080-exec-3] Starting Greeting
2022-02-05 18:55:18,490 INFO co.develhope.loggingTest.services.GreetingsService [http-nio-8080-exec-3] Ending Greeting
2022-02-05 18:57:50,828 INFO org.springframework.boot.StartupInfoLogger [restartedMain] Starting LoggingTestApplication using Java 17 on HP-LORENZO with PID 2764 (C:\projects\DevelHope\java-examples\38-Logging\target\classes started by loren in C:\projects\DevelHope\java-examples\38-Logging)
2022-02-05 18:57:50,829 DEBUG org.springframework.boot.StartupInfoLogger [restartedMain] Running with Spring Boot v2.6.3, Spring v5.3.15
2022-02-05 18:57:50,830 INFO org.springframework.boot.SpringApplication [restartedMain] No active profile set, falling back to default profiles: default
2022-02-05 18:57:50,907 INFO org.springframework.boot.logging.DeferredLog [restartedMain] Devtools property defaults active! Set 'spring.devtools.add-properties' to 'false' to disable
2022-02-05 18:57:50,908 INFO org.springframework.boot.logging.DeferredLog [restartedMain] For additional web related logging consider setting the 'logging.level.web' property to 'DEBUG'
2022-02-05 18:57:53,049 INFO org.springframework.boot.web.embedded.tomcat.TomcatWebServer [restartedMain] Tomcat initialized with port(s): 8080 (http)
2022-02-05 18:57:53,097 INFO org.apache.juli.logging.DirectJDKLog [restartedMain] Initializing ProtocolHandler ["http-nio-8080"]
2022-02-05 18:57:53,098 INFO org.apache.juli.logging.DirectJDKLog [restartedMain] Starting service [Tomcat]
2022-02-05 18:57:53,099 INFO org.apache.juli.logging.DirectJDKLog [restartedMain] Starting Servlet engine: [Apache Tomcat/9.0.56]
2022-02-05 18:57:53,289 INFO org.apache.juli.logging.DirectJDKLog [restartedMain] Initializing Spring embedded WebApplicationContext
2022-02-05 18:57:53,291 INFO org.springframework.boot.web.servlet.context.ServletWebServerApplicationContext [restartedMain] Root WebApplicationContext: initialization completed in 2383 ms
2022-02-05 18:57:54,170 INFO org.springframework.boot.devtools.autoconfigure.OptionalLiveReloadServer [restartedMain] LiveReload server is running on port 35729
2022-02-05 18:57:54,201 INFO org.apache.juli.logging.DirectJDKLog [restartedMain] Starting ProtocolHandler ["http-nio-8080"]
2022-02-05 18:57:54,298 INFO org.springframework.boot.web.embedded.tomcat.TomcatWebServer [restartedMain] Tomcat started on port(s): 8080 (http) with context path ''
2022-02-05 18:57:54,324 INFO org.springframework.boot.StartupInfoLogger [restartedMain] Started LoggingTestApplication in 4.256 seconds (JVM running for 5.212)
2022-02-05 18:58:02,995 INFO org.apache.juli.logging.DirectJDKLog [http-nio-8080-exec-1] Initializing Spring DispatcherServlet 'dispatcherServlet'
2022-02-05 18:58:02,996 INFO org.springframework.web.servlet.FrameworkServlet [http-nio-8080-exec-1] Initializing Servlet 'dispatcherServlet'
2022-02-05 18:58:02,997 INFO org.springframework.web.servlet.FrameworkServlet [http-nio-8080-exec-1] Completed initialization in 1 ms
2022-02-05 18:58:03,035 ERROR co.develhope.loggingTest.controllers.HomeController [http-nio-8080-exec-1] This is the ERROR logging
java.lang.Error: This is the error
	at co.develhope.loggingTest.controllers.HomeController.error(HomeController.java:41)
	at java.base/jdk.internal.reflect.NativeMethodAccessorImpl.invoke0(Native Method)
	at java.base/jdk.internal.reflect.NativeMethodAccessorImpl.invoke(NativeMethodAccessorImpl.java:77)
	at java.base/jdk.internal.reflect.DelegatingMethodAccessorImpl.invoke(DelegatingMethodAccessorImpl.java:43)
	at java.base/java.lang.reflect.Method.invoke(Method.java:568)
	at org.springframework.web.method.support.InvocableHandlerMethod.doInvoke(InvocableHandlerMethod.java:205)
	at org.springframework.web.method.support.InvocableHandlerMethod.invokeForRequest(InvocableHandlerMethod.java:150)
	at org.springframework.web.servlet.mvc.method.annotation.ServletInvocableHandlerMethod.invokeAndHandle(ServletInvocableHandlerMethod.java:117)
	at org.springframework.web.servlet.mvc.method.annotation.RequestMappingHandlerAdapter.invokeHandlerMethod(RequestMappingHandlerAdapter.java:895)
	at org.springframework.web.servlet.mvc.method.annotation.RequestMappingHandlerAdapter.handleInternal(RequestMappingHandlerAdapter.java:808)
	at org.springframework.web.servlet.mvc.method.AbstractHandlerMethodAdapter.handle(AbstractHandlerMethodAdapter.java:87)
	at org.springframework.web.servlet.DispatcherServlet.doDispatch(DispatcherServlet.java:1067)
	at org.springframework.web.servlet.DispatcherServlet.doService(DispatcherServlet.java:963)
	at org.springframework.web.servlet.FrameworkServlet.processRequest(FrameworkServlet.java:1006)
	at org.springframework.web.servlet.FrameworkServlet.doGet(FrameworkServlet.java:898)
	at javax.servlet.http.HttpServlet.service(HttpServlet.java:655)
	at org.springframework.web.servlet.FrameworkServlet.service(FrameworkServlet.java:883)
	at javax.servlet.http.HttpServlet.service(HttpServlet.java:764)
	at org.apache.catalina.core.ApplicationFilterChain.internalDoFilter(ApplicationFilterChain.java:227)
	at org.apache.catalina.core.ApplicationFilterChain.doFilter(ApplicationFilterChain.java:162)
	at org.apache.tomcat.websocket.server.WsFilter.doFilter(WsFilter.java:53)
	at org.apache.catalina.core.ApplicationFilterChain.internalDoFilter(ApplicationFilterChain.java:189)
	at org.apache.catalina.core.ApplicationFilterChain.doFilter(ApplicationFilterChain.java:162)
	at org.springframework.web.filter.RequestContextFilter.doFilterInternal(RequestContextFilter.java:100)
	at org.springframework.web.filter.OncePerRequestFilter.doFilter(OncePerRequestFilter.java:117)
	at org.apache.catalina.core.ApplicationFilterChain.internalDoFilter(ApplicationFilterChain.java:189)
	at org.apache.catalina.core.ApplicationFilterChain.doFilter(ApplicationFilterChain.java:162)
	at org.springframework.web.filter.FormContentFilter.doFilterInternal(FormContentFilter.java:93)
	at org.springframework.web.filter.OncePerRequestFilter.doFilter(OncePerRequestFilter.java:117)
	at org.apache.catalina.core.ApplicationFilterChain.internalDoFilter(ApplicationFilterChain.java:189)
	at org.apache.catalina.core.ApplicationFilterChain.doFilter(ApplicationFilterChain.java:162)
	at org.springframework.web.filter.CharacterEncodingFilter.doFilterInternal(CharacterEncodingFilter.java:201)
	at org.springframework.web.filter.OncePerRequestFilter.doFilter(OncePerRequestFilter.java:117)
	at org.apache.catalina.core.ApplicationFilterChain.internalDoFilter(ApplicationFilterChain.java:189)
	at org.apache.catalina.core.ApplicationFilterChain.doFilter(ApplicationFilterChain.java:162)
	at org.apache.catalina.core.StandardWrapperValve.invoke(StandardWrapperValve.java:197)
	at org.apache.catalina.core.StandardContextValve.invoke(StandardContextValve.java:97)
	at org.apache.catalina.authenticator.AuthenticatorBase.invoke(AuthenticatorBase.java:540)
	at org.apache.catalina.core.StandardHostValve.invoke(StandardHostValve.java:135)
	at org.apache.catalina.valves.ErrorReportValve.invoke(ErrorReportValve.java:92)
	at org.apache.catalina.core.StandardEngineValve.invoke(StandardEngineValve.java:78)
	at org.apache.catalina.connector.CoyoteAdapter.service(CoyoteAdapter.java:357)
	at org.apache.coyote.http11.Http11Processor.service(Http11Processor.java:382)
	at org.apache.coyote.AbstractProcessorLight.process(AbstractProcessorLight.java:65)
	at org.apache.coyote.AbstractProtocol$ConnectionHandler.process(AbstractProtocol.java:895)
	at org.apache.tomcat.util.net.NioEndpoint$SocketProcessor.doRun(NioEndpoint.java:1732)
	at org.apache.tomcat.util.net.SocketProcessorBase.run(SocketProcessorBase.java:49)
	at org.apache.tomcat.util.threads.ThreadPoolExecutor.runWorker(ThreadPoolExecutor.java:1191)
	at org.apache.tomcat.util.threads.ThreadPoolExecutor$Worker.run(ThreadPoolExecutor.java:659)
	at org.apache.tomcat.util.threads.TaskThread$WrappingRunnable.run(TaskThread.java:61)
	at java.base/java.lang.Thread.run(Thread.java:833)
2022-02-05 18:58:40,407 INFO org.springframework.boot.StartupInfoLogger [restartedMain] Starting LoggingTestApplication using Java 17 on HP-LORENZO with PID 14004 (C:\projects\DevelHope\java-examples\38-Logging\target\classes started by loren in C:\projects\DevelHope\java-examples\38-Logging)
2022-02-05 18:58:40,412 DEBUG org.springframework.boot.StartupInfoLogger [restartedMain] Running with Spring Boot v2.6.3, Spring v5.3.15
2022-02-05 18:58:40,413 INFO org.springframework.boot.SpringApplication [restartedMain] No active profile set, falling back to default profiles: default
2022-02-05 18:58:40,566 INFO org.springframework.boot.logging.DeferredLog [restartedMain] Devtools property defaults active! Set 'spring.devtools.add-properties' to 'false' to disable
2022-02-05 18:58:40,567 INFO org.springframework.boot.logging.DeferredLog [restartedMain] For additional web related logging consider setting the 'logging.level.web' property to 'DEBUG'
2022-02-05 18:58:42,784 INFO org.springframework.boot.web.embedded.tomcat.TomcatWebServer [restartedMain] Tomcat initialized with port(s): 8080 (http)
2022-02-05 18:58:42,810 INFO org.apache.juli.logging.DirectJDKLog [restartedMain] Initializing ProtocolHandler ["http-nio-8080"]
2022-02-05 18:58:42,811 INFO org.apache.juli.logging.DirectJDKLog [restartedMain] Starting service [Tomcat]
2022-02-05 18:58:42,812 INFO org.apache.juli.logging.DirectJDKLog [restartedMain] Starting Servlet engine: [Apache Tomcat/9.0.56]
2022-02-05 18:58:42,981 INFO org.apache.juli.logging.DirectJDKLog [restartedMain] Initializing Spring embedded WebApplicationContext
2022-02-05 18:58:42,982 INFO org.springframework.boot.web.servlet.context.ServletWebServerApplicationContext [restartedMain] Root WebApplicationContext: initialization completed in 2411 ms
2022-02-05 18:58:43,775 INFO org.springframework.boot.devtools.autoconfigure.OptionalLiveReloadServer [restartedMain] LiveReload server is running on port 35729
2022-02-05 18:58:43,794 INFO org.apache.juli.logging.DirectJDKLog [restartedMain] Starting ProtocolHandler ["http-nio-8080"]
2022-02-05 18:58:43,879 INFO org.springframework.boot.web.embedded.tomcat.TomcatWebServer [restartedMain] Tomcat started on port(s): 8080 (http) with context path ''
2022-02-05 18:58:43,902 INFO org.springframework.boot.StartupInfoLogger [restartedMain] Started LoggingTestApplication in 4.485 seconds (JVM running for 5.581)
2022-02-05 18:59:06,902 INFO org.springframework.boot.StartupInfoLogger [restartedMain] Starting LoggingTestApplication using Java 17 on HP-LORENZO with PID 18228 (C:\projects\DevelHope\java-examples\38-Logging\target\classes started by loren in C:\projects\DevelHope\java-examples\38-Logging)
2022-02-05 18:59:06,904 DEBUG org.springframework.boot.StartupInfoLogger [restartedMain] Running with Spring Boot v2.6.3, Spring v5.3.15
2022-02-05 18:59:06,906 INFO org.springframework.boot.SpringApplication [restartedMain] No active profile set, falling back to default profiles: default
2022-02-05 18:59:07,001 INFO org.springframework.boot.logging.DeferredLog [restartedMain] Devtools property defaults active! Set 'spring.devtools.add-properties' to 'false' to disable
2022-02-05 18:59:07,001 INFO org.springframework.boot.logging.DeferredLog [restartedMain] For additional web related logging consider setting the 'logging.level.web' property to 'DEBUG'
2022-02-05 18:59:09,026 INFO org.springframework.boot.web.embedded.tomcat.TomcatWebServer [restartedMain] Tomcat initialized with port(s): 8080 (http)
2022-02-05 18:59:09,056 INFO org.apache.juli.logging.DirectJDKLog [restartedMain] Initializing ProtocolHandler ["http-nio-8080"]
2022-02-05 18:59:09,058 INFO org.apache.juli.logging.DirectJDKLog [restartedMain] Starting service [Tomcat]
2022-02-05 18:59:09,059 INFO org.apache.juli.logging.DirectJDKLog [restartedMain] Starting Servlet engine: [Apache Tomcat/9.0.56]
2022-02-05 18:59:09,192 INFO org.apache.juli.logging.DirectJDKLog [restartedMain] Initializing Spring embedded WebApplicationContext
2022-02-05 18:59:09,193 INFO org.springframework.boot.web.servlet.context.ServletWebServerApplicationContext [restartedMain] Root WebApplicationContext: initialization completed in 2190 ms
2022-02-05 18:59:10,097 INFO org.springframework.boot.devtools.autoconfigure.OptionalLiveReloadServer [restartedMain] LiveReload server is running on port 35729
2022-02-05 18:59:10,117 INFO org.apache.juli.logging.DirectJDKLog [restartedMain] Starting ProtocolHandler ["http-nio-8080"]
2022-02-05 18:59:10,225 INFO org.springframework.boot.web.embedded.tomcat.TomcatWebServer [restartedMain] Tomcat started on port(s): 8080 (http) with context path ''
2022-02-05 18:59:10,256 INFO org.springframework.boot.StartupInfoLogger [restartedMain] Started LoggingTestApplication in 4.23 seconds (JVM running for 5.29)
2022-02-05 18:59:19,948 INFO org.apache.juli.logging.DirectJDKLog [http-nio-8080-exec-1] Initializing Spring DispatcherServlet 'dispatcherServlet'
2022-02-05 18:59:19,949 INFO org.springframework.web.servlet.FrameworkServlet [http-nio-8080-exec-1] Initializing Servlet 'dispatcherServlet'
2022-02-05 18:59:19,950 INFO org.springframework.web.servlet.FrameworkServlet [http-nio-8080-exec-1] Completed initialization in 0 ms
2022-02-05 18:59:19,985 INFO co.develhope.loggingTest.services.GreetingsService [http-nio-8080-exec-1] Starting Greeting
2022-02-05 18:59:19,986 INFO co.develhope.loggingTest.services.GreetingsService [http-nio-8080-exec-1] Ending Greeting
2022-02-05 18:59:39,973 INFO org.springframework.boot.StartupInfoLogger [restartedMain] Starting LoggingTestApplication using Java 17 on HP-LORENZO with PID 15388 (C:\projects\DevelHope\java-examples\38-Logging\target\classes started by loren in C:\projects\DevelHope\java-examples\38-Logging)
2022-02-05 18:59:39,975 DEBUG org.springframework.boot.StartupInfoLogger [restartedMain] Running with Spring Boot v2.6.3, Spring v5.3.15
2022-02-05 18:59:39,975 INFO org.springframework.boot.SpringApplication [restartedMain] No active profile set, falling back to default profiles: default
2022-02-05 18:59:40,056 INFO org.springframework.boot.logging.DeferredLog [restartedMain] Devtools property defaults active! Set 'spring.devtools.add-properties' to 'false' to disable
2022-02-05 18:59:40,056 INFO org.springframework.boot.logging.DeferredLog [restartedMain] For additional web related logging consider setting the 'logging.level.web' property to 'DEBUG'
2022-02-05 18:59:41,836 INFO org.springframework.boot.web.embedded.tomcat.TomcatWebServer [restartedMain] Tomcat initialized with port(s): 8080 (http)
2022-02-05 18:59:41,868 INFO org.apache.juli.logging.DirectJDKLog [restartedMain] Initializing ProtocolHandler ["http-nio-8080"]
2022-02-05 18:59:41,869 INFO org.apache.juli.logging.DirectJDKLog [restartedMain] Starting service [Tomcat]
2022-02-05 18:59:41,870 INFO org.apache.juli.logging.DirectJDKLog [restartedMain] Starting Servlet engine: [Apache Tomcat/9.0.56]
2022-02-05 18:59:41,991 INFO org.apache.juli.logging.DirectJDKLog [restartedMain] Initializing Spring embedded WebApplicationContext
2022-02-05 18:59:41,991 INFO org.springframework.boot.web.servlet.context.ServletWebServerApplicationContext [restartedMain] Root WebApplicationContext: initialization completed in 1934 ms
2022-02-05 18:59:42,650 INFO org.springframework.boot.devtools.autoconfigure.OptionalLiveReloadServer [restartedMain] LiveReload server is running on port 35729
2022-02-05 18:59:42,669 INFO org.apache.juli.logging.DirectJDKLog [restartedMain] Starting ProtocolHandler ["http-nio-8080"]
2022-02-05 18:59:42,751 INFO org.springframework.boot.web.embedded.tomcat.TomcatWebServer [restartedMain] Tomcat started on port(s): 8080 (http) with context path ''
2022-02-05 18:59:42,775 INFO org.springframework.boot.StartupInfoLogger [restartedMain] Started LoggingTestApplication in 3.463 seconds (JVM running for 4.29)
2022-02-05 18:59:44,182 INFO org.apache.juli.logging.DirectJDKLog [http-nio-8080-exec-1] Initializing Spring DispatcherServlet 'dispatcherServlet'
2022-02-05 18:59:44,182 INFO org.springframework.web.servlet.FrameworkServlet [http-nio-8080-exec-1] Initializing Servlet 'dispatcherServlet'
2022-02-05 18:59:44,183 INFO org.springframework.web.servlet.FrameworkServlet [http-nio-8080-exec-1] Completed initialization in 0 ms
2022-02-05 18:59:44,215 INFO co.develhope.loggingTest.services.GreetingsService [http-nio-8080-exec-1] Starting Greeting %i
2022-02-05 18:59:44,216 INFO co.develhope.loggingTest.services.GreetingsService [http-nio-8080-exec-1] Ending Greeting
2022-02-05 18:59:59,829 INFO org.springframework.boot.StartupInfoLogger [restartedMain] Starting LoggingTestApplication using Java 17 on HP-LORENZO with PID 4004 (C:\projects\DevelHope\java-examples\38-Logging\target\classes started by loren in C:\projects\DevelHope\java-examples\38-Logging)
2022-02-05 18:59:59,831 DEBUG org.springframework.boot.StartupInfoLogger [restartedMain] Running with Spring Boot v2.6.3, Spring v5.3.15
2022-02-05 18:59:59,832 INFO org.springframework.boot.SpringApplication [restartedMain] No active profile set, falling back to default profiles: default
2022-02-05 18:59:59,953 INFO org.springframework.boot.logging.DeferredLog [restartedMain] Devtools property defaults active! Set 'spring.devtools.add-properties' to 'false' to disable
2022-02-05 18:59:59,962 INFO org.springframework.boot.logging.DeferredLog [restartedMain] For additional web related logging consider setting the 'logging.level.web' property to 'DEBUG'
2022-02-05 19:00:02,425 INFO org.springframework.boot.web.embedded.tomcat.TomcatWebServer [restartedMain] Tomcat initialized with port(s): 8080 (http)
2022-02-05 19:00:02,453 INFO org.apache.juli.logging.DirectJDKLog [restartedMain] Initializing ProtocolHandler ["http-nio-8080"]
2022-02-05 19:00:02,454 INFO org.apache.juli.logging.DirectJDKLog [restartedMain] Starting service [Tomcat]
2022-02-05 19:00:02,455 INFO org.apache.juli.logging.DirectJDKLog [restartedMain] Starting Servlet engine: [Apache Tomcat/9.0.56]
2022-02-05 19:00:02,613 INFO org.apache.juli.logging.DirectJDKLog [restartedMain] Initializing Spring embedded WebApplicationContext
2022-02-05 19:00:02,614 INFO org.springframework.boot.web.servlet.context.ServletWebServerApplicationContext [restartedMain] Root WebApplicationContext: initialization completed in 2650 ms
2022-02-05 19:00:03,350 INFO org.springframework.boot.devtools.autoconfigure.OptionalLiveReloadServer [restartedMain] LiveReload server is running on port 35729
2022-02-05 19:00:03,384 INFO org.apache.juli.logging.DirectJDKLog [restartedMain] Starting ProtocolHandler ["http-nio-8080"]
2022-02-05 19:00:03,481 INFO org.springframework.boot.web.embedded.tomcat.TomcatWebServer [restartedMain] Tomcat started on port(s): 8080 (http) with context path ''
2022-02-05 19:00:03,516 INFO org.springframework.boot.StartupInfoLogger [restartedMain] Started LoggingTestApplication in 4.757 seconds (JVM running for 6.33)
2022-02-05 19:00:05,555 INFO org.apache.juli.logging.DirectJDKLog [http-nio-8080-exec-1] Initializing Spring DispatcherServlet 'dispatcherServlet'
2022-02-05 19:00:05,556 INFO org.springframework.web.servlet.FrameworkServlet [http-nio-8080-exec-1] Initializing Servlet 'dispatcherServlet'
2022-02-05 19:00:05,560 INFO org.springframework.web.servlet.FrameworkServlet [http-nio-8080-exec-1] Completed initialization in 3 ms
2022-02-05 19:00:05,595 INFO co.develhope.loggingTest.services.GreetingsService [http-nio-8080-exec-1] Starting Greeting {0}
2022-02-05 19:00:05,597 INFO co.develhope.loggingTest.services.GreetingsService [http-nio-8080-exec-1] Ending Greeting
2022-02-05 19:00:17,390 INFO org.springframework.boot.StartupInfoLogger [restartedMain] Starting LoggingTestApplication using Java 17 on HP-LORENZO with PID 17188 (C:\projects\DevelHope\java-examples\38-Logging\target\classes started by loren in C:\projects\DevelHope\java-examples\38-Logging)
2022-02-05 19:00:17,392 DEBUG org.springframework.boot.StartupInfoLogger [restartedMain] Running with Spring Boot v2.6.3, Spring v5.3.15
2022-02-05 19:00:17,393 INFO org.springframework.boot.SpringApplication [restartedMain] No active profile set, falling back to default profiles: default
2022-02-05 19:00:17,511 INFO org.springframework.boot.logging.DeferredLog [restartedMain] Devtools property defaults active! Set 'spring.devtools.add-properties' to 'false' to disable
2022-02-05 19:00:17,512 INFO org.springframework.boot.logging.DeferredLog [restartedMain] For additional web related logging consider setting the 'logging.level.web' property to 'DEBUG'
2022-02-05 19:00:19,672 INFO org.springframework.boot.web.embedded.tomcat.TomcatWebServer [restartedMain] Tomcat initialized with port(s): 8080 (http)
2022-02-05 19:00:19,707 INFO org.apache.juli.logging.DirectJDKLog [restartedMain] Initializing ProtocolHandler ["http-nio-8080"]
2022-02-05 19:00:19,709 INFO org.apache.juli.logging.DirectJDKLog [restartedMain] Starting service [Tomcat]
2022-02-05 19:00:19,710 INFO org.apache.juli.logging.DirectJDKLog [restartedMain] Starting Servlet engine: [Apache Tomcat/9.0.56]
2022-02-05 19:00:19,868 INFO org.apache.juli.logging.DirectJDKLog [restartedMain] Initializing Spring embedded WebApplicationContext
2022-02-05 19:00:19,868 INFO org.springframework.boot.web.servlet.context.ServletWebServerApplicationContext [restartedMain] Root WebApplicationContext: initialization completed in 2355 ms
2022-02-05 19:00:20,943 INFO org.springframework.boot.devtools.autoconfigure.OptionalLiveReloadServer [restartedMain] LiveReload server is running on port 35729
2022-02-05 19:00:20,975 INFO org.apache.juli.logging.DirectJDKLog [restartedMain] Starting ProtocolHandler ["http-nio-8080"]
2022-02-05 19:00:21,062 INFO org.springframework.boot.web.embedded.tomcat.TomcatWebServer [restartedMain] Tomcat started on port(s): 8080 (http) with context path ''
2022-02-05 19:00:21,088 INFO org.springframework.boot.StartupInfoLogger [restartedMain] Started LoggingTestApplication in 4.682 seconds (JVM running for 5.755)
2022-02-05 19:00:26,599 INFO org.apache.juli.logging.DirectJDKLog [http-nio-8080-exec-1] Initializing Spring DispatcherServlet 'dispatcherServlet'
2022-02-05 19:00:26,600 INFO org.springframework.web.servlet.FrameworkServlet [http-nio-8080-exec-1] Initializing Servlet 'dispatcherServlet'
2022-02-05 19:00:26,601 INFO org.springframework.web.servlet.FrameworkServlet [http-nio-8080-exec-1] Completed initialization in 1 ms
2022-02-05 19:00:26,636 INFO co.develhope.loggingTest.services.GreetingsService [http-nio-8080-exec-1] Starting Greeting {{0}}
2022-02-05 19:00:26,639 INFO co.develhope.loggingTest.services.GreetingsService [http-nio-8080-exec-1] Ending Greeting
2022-02-05 19:00:35,638 INFO org.springframework.boot.StartupInfoLogger [restartedMain] Starting LoggingTestApplication using Java 17 on HP-LORENZO with PID 3528 (C:\projects\DevelHope\java-examples\38-Logging\target\classes started by loren in C:\projects\DevelHope\java-examples\38-Logging)
2022-02-05 19:00:35,644 DEBUG org.springframework.boot.StartupInfoLogger [restartedMain] Running with Spring Boot v2.6.3, Spring v5.3.15
2022-02-05 19:00:35,644 INFO org.springframework.boot.SpringApplication [restartedMain] No active profile set, falling back to default profiles: default
2022-02-05 19:00:35,764 INFO org.springframework.boot.logging.DeferredLog [restartedMain] Devtools property defaults active! Set 'spring.devtools.add-properties' to 'false' to disable
2022-02-05 19:00:35,765 INFO org.springframework.boot.logging.DeferredLog [restartedMain] For additional web related logging consider setting the 'logging.level.web' property to 'DEBUG'
2022-02-05 19:00:37,899 INFO org.springframework.boot.web.embedded.tomcat.TomcatWebServer [restartedMain] Tomcat initialized with port(s): 8080 (http)
2022-02-05 19:00:37,926 INFO org.apache.juli.logging.DirectJDKLog [restartedMain] Initializing ProtocolHandler ["http-nio-8080"]
2022-02-05 19:00:37,927 INFO org.apache.juli.logging.DirectJDKLog [restartedMain] Starting service [Tomcat]
2022-02-05 19:00:37,928 INFO org.apache.juli.logging.DirectJDKLog [restartedMain] Starting Servlet engine: [Apache Tomcat/9.0.56]
2022-02-05 19:00:38,061 INFO org.apache.juli.logging.DirectJDKLog [restartedMain] Initializing Spring embedded WebApplicationContext
2022-02-05 19:00:38,062 INFO org.springframework.boot.web.servlet.context.ServletWebServerApplicationContext [restartedMain] Root WebApplicationContext: initialization completed in 2293 ms
2022-02-05 19:00:38,871 INFO org.springframework.boot.devtools.autoconfigure.OptionalLiveReloadServer [restartedMain] LiveReload server is running on port 35729
2022-02-05 19:00:38,908 INFO org.apache.juli.logging.DirectJDKLog [restartedMain] Starting ProtocolHandler ["http-nio-8080"]
2022-02-05 19:00:39,005 INFO org.springframework.boot.web.embedded.tomcat.TomcatWebServer [restartedMain] Tomcat started on port(s): 8080 (http) with context path ''
2022-02-05 19:00:39,030 INFO org.springframework.boot.StartupInfoLogger [restartedMain] Started LoggingTestApplication in 4.284 seconds (JVM running for 5.373)
2022-02-05 19:01:43,826 INFO org.springframework.boot.StartupInfoLogger [restartedMain] Starting LoggingTestApplication using Java 17 on HP-LORENZO with PID 16324 (C:\projects\DevelHope\java-examples\38-Logging\target\classes started by loren in C:\projects\DevelHope\java-examples\38-Logging)
2022-02-05 19:01:43,828 DEBUG org.springframework.boot.StartupInfoLogger [restartedMain] Running with Spring Boot v2.6.3, Spring v5.3.15
2022-02-05 19:01:43,828 INFO org.springframework.boot.SpringApplication [restartedMain] No active profile set, falling back to default profiles: default
2022-02-05 19:01:43,910 INFO org.springframework.boot.logging.DeferredLog [restartedMain] Devtools property defaults active! Set 'spring.devtools.add-properties' to 'false' to disable
2022-02-05 19:01:43,911 INFO org.springframework.boot.logging.DeferredLog [restartedMain] For additional web related logging consider setting the 'logging.level.web' property to 'DEBUG'
2022-02-05 19:01:45,909 INFO org.springframework.boot.web.embedded.tomcat.TomcatWebServer [restartedMain] Tomcat initialized with port(s): 8080 (http)
2022-02-05 19:01:45,943 INFO org.apache.juli.logging.DirectJDKLog [restartedMain] Initializing ProtocolHandler ["http-nio-8080"]
2022-02-05 19:01:45,944 INFO org.apache.juli.logging.DirectJDKLog [restartedMain] Starting service [Tomcat]
2022-02-05 19:01:45,945 INFO org.apache.juli.logging.DirectJDKLog [restartedMain] Starting Servlet engine: [Apache Tomcat/9.0.56]
2022-02-05 19:01:46,102 INFO org.apache.juli.logging.DirectJDKLog [restartedMain] Initializing Spring embedded WebApplicationContext
2022-02-05 19:01:46,102 INFO org.springframework.boot.web.servlet.context.ServletWebServerApplicationContext [restartedMain] Root WebApplicationContext: initialization completed in 2190 ms
2022-02-05 19:01:47,032 INFO org.springframework.boot.devtools.autoconfigure.OptionalLiveReloadServer [restartedMain] LiveReload server is running on port 35729
2022-02-05 19:01:47,059 INFO org.apache.juli.logging.DirectJDKLog [restartedMain] Starting ProtocolHandler ["http-nio-8080"]
2022-02-05 19:01:47,141 INFO org.springframework.boot.web.embedded.tomcat.TomcatWebServer [restartedMain] Tomcat started on port(s): 8080 (http) with context path ''
2022-02-05 19:01:47,166 INFO org.springframework.boot.StartupInfoLogger [restartedMain] Started LoggingTestApplication in 4.127 seconds (JVM running for 5.212)
2022-02-05 19:01:49,071 INFO org.apache.juli.logging.DirectJDKLog [http-nio-8080-exec-1] Initializing Spring DispatcherServlet 'dispatcherServlet'
2022-02-05 19:01:49,072 INFO org.springframework.web.servlet.FrameworkServlet [http-nio-8080-exec-1] Initializing Servlet 'dispatcherServlet'
2022-02-05 19:01:49,074 INFO org.springframework.web.servlet.FrameworkServlet [http-nio-8080-exec-1] Completed initialization in 1 ms
2022-02-05 19:01:49,111 INFO co.develhope.loggingTest.services.GreetingsService [http-nio-8080-exec-1] Starting Greeting Number of greetings:3User:User(name=Lorenzo, surname=De Francesco, paceOfBirth=Milano)
2022-02-05 19:01:49,111 INFO co.develhope.loggingTest.services.GreetingsService [http-nio-8080-exec-1] Ending Greeting
2022-02-05 19:02:08,082 INFO org.springframework.boot.StartupInfoLogger [restartedMain] Starting LoggingTestApplication using Java 17 on HP-LORENZO with PID 11056 (C:\projects\DevelHope\java-examples\38-Logging\target\classes started by loren in C:\projects\DevelHope\java-examples\38-Logging)
2022-02-05 19:02:08,086 DEBUG org.springframework.boot.StartupInfoLogger [restartedMain] Running with Spring Boot v2.6.3, Spring v5.3.15
2022-02-05 19:02:08,087 INFO org.springframework.boot.SpringApplication [restartedMain] No active profile set, falling back to default profiles: default
2022-02-05 19:02:08,233 INFO org.springframework.boot.logging.DeferredLog [restartedMain] Devtools property defaults active! Set 'spring.devtools.add-properties' to 'false' to disable
2022-02-05 19:02:08,234 INFO org.springframework.boot.logging.DeferredLog [restartedMain] For additional web related logging consider setting the 'logging.level.web' property to 'DEBUG'
2022-02-05 19:02:10,368 INFO org.springframework.boot.web.embedded.tomcat.TomcatWebServer [restartedMain] Tomcat initialized with port(s): 8080 (http)
2022-02-05 19:02:10,391 INFO org.apache.juli.logging.DirectJDKLog [restartedMain] Initializing ProtocolHandler ["http-nio-8080"]
2022-02-05 19:02:10,392 INFO org.apache.juli.logging.DirectJDKLog [restartedMain] Starting service [Tomcat]
2022-02-05 19:02:10,394 INFO org.apache.juli.logging.DirectJDKLog [restartedMain] Starting Servlet engine: [Apache Tomcat/9.0.56]
2022-02-05 19:02:10,544 INFO org.apache.juli.logging.DirectJDKLog [restartedMain] Initializing Spring embedded WebApplicationContext
2022-02-05 19:02:10,545 INFO org.springframework.boot.web.servlet.context.ServletWebServerApplicationContext [restartedMain] Root WebApplicationContext: initialization completed in 2308 ms
2022-02-05 19:02:11,429 INFO org.springframework.boot.devtools.autoconfigure.OptionalLiveReloadServer [restartedMain] LiveReload server is running on port 35729
2022-02-05 19:02:11,529 INFO org.springframework.boot.web.embedded.tomcat.TomcatWebServer [restartedMain] Tomcat started on port(s): 8080 (http) with context path ''
2022-02-05 19:02:11,549 INFO org.springframework.boot.StartupInfoLogger [restartedMain] Started LoggingTestApplication in 4.383 seconds (JVM running for 5.272)
2022-02-05 19:02:17,500 INFO org.springframework.boot.StartupInfoLogger [restartedMain] Starting LoggingTestApplication using Java 17 on HP-LORENZO with PID 6860 (C:\projects\DevelHope\java-examples\38-Logging\target\classes started by loren in C:\projects\DevelHope\java-examples\38-Logging)
2022-02-05 19:02:17,502 DEBUG org.springframework.boot.StartupInfoLogger [restartedMain] Running with Spring Boot v2.6.3, Spring v5.3.15
2022-02-05 19:02:17,503 INFO org.springframework.boot.SpringApplication [restartedMain] No active profile set, falling back to default profiles: default
2022-02-05 19:02:17,613 INFO org.springframework.boot.logging.DeferredLog [restartedMain] Devtools property defaults active! Set 'spring.devtools.add-properties' to 'false' to disable
2022-02-05 19:02:17,613 INFO org.springframework.boot.logging.DeferredLog [restartedMain] For additional web related logging consider setting the 'logging.level.web' property to 'DEBUG'
2022-02-05 19:02:19,507 INFO org.springframework.boot.web.embedded.tomcat.TomcatWebServer [restartedMain] Tomcat initialized with port(s): 8080 (http)
2022-02-05 19:02:19,532 INFO org.apache.juli.logging.DirectJDKLog [restartedMain] Initializing ProtocolHandler ["http-nio-8080"]
2022-02-05 19:02:19,533 INFO org.apache.juli.logging.DirectJDKLog [restartedMain] Starting service [Tomcat]
2022-02-05 19:02:19,533 INFO org.apache.juli.logging.DirectJDKLog [restartedMain] Starting Servlet engine: [Apache Tomcat/9.0.56]
2022-02-05 19:02:19,675 INFO org.apache.juli.logging.DirectJDKLog [restartedMain] Initializing Spring embedded WebApplicationContext
2022-02-05 19:02:19,676 INFO org.springframework.boot.web.servlet.context.ServletWebServerApplicationContext [restartedMain] Root WebApplicationContext: initialization completed in 2062 ms
2022-02-05 19:02:20,358 INFO org.springframework.boot.devtools.autoconfigure.OptionalLiveReloadServer [restartedMain] LiveReload server is running on port 35729
2022-02-05 19:02:20,377 INFO org.apache.juli.logging.DirectJDKLog [restartedMain] Starting ProtocolHandler ["http-nio-8080"]
2022-02-05 19:02:20,464 INFO org.springframework.boot.web.embedded.tomcat.TomcatWebServer [restartedMain] Tomcat started on port(s): 8080 (http) with context path ''
2022-02-05 19:02:20,484 INFO org.springframework.boot.StartupInfoLogger [restartedMain] Started LoggingTestApplication in 3.816 seconds (JVM running for 4.736)
2022-02-05 19:02:25,149 INFO org.apache.juli.logging.DirectJDKLog [http-nio-8080-exec-1] Initializing Spring DispatcherServlet 'dispatcherServlet'
2022-02-05 19:02:25,149 INFO org.springframework.web.servlet.FrameworkServlet [http-nio-8080-exec-1] Initializing Servlet 'dispatcherServlet'
2022-02-05 19:02:25,150 INFO org.springframework.web.servlet.FrameworkServlet [http-nio-8080-exec-1] Completed initialization in 0 ms
2022-02-05 19:02:25,188 INFO co.develhope.loggingTest.services.GreetingsService [http-nio-8080-exec-1] Starting Greeting Number of greetings: 3 User: User(name=Lorenzo, surname=De Francesco, paceOfBirth=Milano)
2022-02-05 19:02:25,189 INFO co.develhope.loggingTest.services.GreetingsService [http-nio-8080-exec-1] Ending Greeting
